<?xml version="1.0" encoding="UTF-8"?>
<testsuite name="org.audiveris.omr.util.ArrangementsTest" tests="2" skipped="0" failures="0" errors="0" timestamp="2025-06-03T06:26:58" hostname="Robs-Fun-Shack.attlocal.net" time="0.001">
  <properties/>
  <testcase name="testGenerate_List" classname="org.audiveris.omr.util.ArrangementsTest" time="0.0"/>
  <testcase name="testGenerate_GenericType_int" classname="org.audiveris.omr.util.ArrangementsTest" time="0.001"/>
  <system-out><![CDATA[
testGenerate_List
Results: 6
[10, 20]
[10, 30]
[20, 10]
[20, 30]
[30, 20]
[30, 10]

testGenerate_GenericType_int
Results: 6
[10, 20]
[10, 30]
[20, 10]
[20, 30]
[30, 20]
[30, 10]
]]></system-out>
  <system-err><![CDATA[]]></system-err>
</testsuite>
