<?xml version="1.0" encoding="UTF-8"?>
<testsuite name="org.audiveris.omr.math.InjectionSolverTest" tests="1" skipped="0" failures="0" errors="0" timestamp="2025-06-03T06:26:46" hostname="Robs-Fun-Shack.attlocal.net" time="0.0">
  <properties/>
  <testcase name="testSolve" classname="org.audiveris.omr.math.InjectionSolverTest" time="0.0"/>
  <system-out><![CDATA[solve
]]></system-out>
  <system-err><![CDATA[]]></system-err>
</testsuite>
