<?xml version="1.0" encoding="UTF-8"?>
<testsuite name="AudiverisTest" tests="1" skipped="0" failures="0" errors="0" timestamp="2025-06-03T06:26:44" hostname="Robs-Fun-Shack.attlocal.net" time="0.045">
  <properties/>
  <testcase name="testMultipleCalls" classname="AudiverisTest" time="0.045"/>
  <system-out><![CDATA[testMultipleCalls
]]></system-out>
  <system-err><![CDATA[]]></system-err>
</testsuite>
