<?xml version="1.0" encoding="UTF-8"?>
<testsuite name="org.audiveris.omr.image.ChamferMatchingTest" tests="1" skipped="0" failures="0" errors="0" timestamp="2025-06-03T06:26:44" hostname="Robs-Fun-Shack.attlocal.net" time="1.027">
  <properties/>
  <testcase name="testMatch" classname="org.audiveris.omr.image.ChamferMatchingTest" time="1.027"/>
  <system-out><![CDATA[match
23:26:44.598 [Test worker] DEBUG org.audiveris.omr.image.TemplateFactory -- TemplateFactory building all head templates for Bravura 56
23:26:44.602 [Test worker] DEBUG org.audiveris.omr.image.TemplateFactory -- Building template for NOTEHEAD_BLACK Bravura 56
23:26:44.602 [Test worker] DEBUG org.audiveris.omr.ui.symbol.OmrFont -- No sizeMap for Bravura
23:26:44.602 [Test worker] DEBUG org.audiveris.omr.ui.symbol.OmrFont -- Null or empty sizeMap for Bravura
23:26:44.602 [Test worker] DEBUG org.audiveris.omr.ui.symbol.OmrFont -- Creating fontName: Bravura fileName: Bravura.otf size: 56
23:26:45.028 [Test worker] DEBUG org.audiveris.omr.ui.symbol.OmrFont -- Font url=file:/Users/robertwatson/Code/talking-music-score/audiveris/app/res/Bravura.otf
23:26:45.028 [Test worker] DEBUG org.audiveris.omr.ui.symbol.OmrFont -- Found file Bravura.otf
23:26:45.043 [Test worker] DEBUG org.audiveris.omr.ui.symbol.OmrFont -- Caching font: java.awt.Font[family=Bravura,name=Bravura,style=plain,size=56] key:Bravura
23:26:45.534 [Test worker] DEBUG org.audiveris.omr.ui.symbol.OmrFont -- Created custom font: java.awt.Font[family=Bravura,name=Bravura,style=plain,size=56] added:true
23:26:45.534 [Test worker] DEBUG org.audiveris.omr.ui.symbol.OmrFont -- Caching font: org.audiveris.omr.ui.symbol.MusicFont[family=Bravura,name=Bravura,style=plain,size=56] key:Bravura
23:26:45.567 [Test worker] DEBUG org.audiveris.omr.image.TemplateFactory -- NOTEHEAD_BLACK size:56 
Template{NOTEHEAD_BLACK w:23,h:20 keyPoints:null
 slim:java.awt.Rectangle[x=3,y=3,width=16,height=14]}
23:26:45.569 [Test worker] DEBUG org.audiveris.omr.image.TemplateFactory -- Building template for NOTEHEAD_VOID Bravura 56
23:26:45.570 [Test worker] DEBUG org.audiveris.omr.image.TemplateFactory -- NOTEHEAD_VOID size:56 
Template{NOTEHEAD_VOID w:23,h:20 keyPoints:null
 slim:java.awt.Rectangle[x=3,y=3,width=16,height=14]}
23:26:45.570 [Test worker] DEBUG org.audiveris.omr.image.TemplateFactory -- Building template for WHOLE_NOTE Bravura 56
23:26:45.571 [Test worker] DEBUG org.audiveris.omr.image.TemplateFactory -- WHOLE_NOTE size:56 
Template{WHOLE_NOTE w:30,h:20 keyPoints:null
 slim:java.awt.Rectangle[x=3,y=3,width=23,height=14]}
23:26:45.571 [Test worker] DEBUG org.audiveris.omr.image.TemplateFactory -- Building template for BREVE Bravura 56
23:26:45.571 [Test worker] DEBUG org.audiveris.omr.image.TemplateFactory -- BREVE size:56 
Template{BREVE w:40,h:24 keyPoints:null
 slim:java.awt.Rectangle[x=3,y=3,width=33,height=18]}
23:26:45.571 [Test worker] DEBUG org.audiveris.omr.image.TemplateFactory -- Building template for NOTEHEAD_BLACK_SMALL Bravura 56
23:26:45.572 [Test worker] DEBUG org.audiveris.omr.image.TemplateFactory -- NOTEHEAD_BLACK_SMALL size:56 
Template{NOTEHEAD_BLACK_SMALL w:18,h:16 keyPoints:null
 slim:java.awt.Rectangle[x=3,y=3,width=11,height=10]}
23:26:45.572 [Test worker] DEBUG org.audiveris.omr.image.TemplateFactory -- Building template for NOTEHEAD_VOID_SMALL Bravura 56
23:26:45.573 [Test worker] DEBUG org.audiveris.omr.image.TemplateFactory -- NOTEHEAD_VOID_SMALL size:56 
Template{NOTEHEAD_VOID_SMALL w:18,h:16 keyPoints:null
 slim:java.awt.Rectangle[x=3,y=3,width=11,height=10]}
23:26:45.573 [Test worker] DEBUG org.audiveris.omr.image.TemplateFactory -- Building template for WHOLE_NOTE_SMALL Bravura 56
23:26:45.573 [Test worker] DEBUG org.audiveris.omr.image.TemplateFactory -- WHOLE_NOTE_SMALL size:56 
Template{WHOLE_NOTE_SMALL w:22,h:16 keyPoints:null
 slim:java.awt.Rectangle[x=3,y=3,width=16,height=10]}
23:26:45.573 [Test worker] DEBUG org.audiveris.omr.image.TemplateFactory -- Building template for BREVE_SMALL Bravura 56
23:26:45.574 [Test worker] DEBUG org.audiveris.omr.image.TemplateFactory -- BREVE_SMALL size:56 
Template{BREVE_SMALL w:29,h:18 keyPoints:null
 slim:java.awt.Rectangle[x=3,y=3,width=22,height=12]}
23:26:45.574 [Test worker] DEBUG org.audiveris.omr.image.TemplateFactory -- Building template for NOTEHEAD_CROSS Bravura 56
23:26:45.575 [Test worker] DEBUG org.audiveris.omr.image.TemplateFactory -- NOTEHEAD_CROSS size:56 
Template{NOTEHEAD_CROSS w:23,h:20 keyPoints:null
 slim:java.awt.Rectangle[x=3,y=3,width=16,height=14]}
23:26:45.575 [Test worker] DEBUG org.audiveris.omr.image.TemplateFactory -- Building template for NOTEHEAD_CROSS_VOID Bravura 56
23:26:45.575 [Test worker] DEBUG org.audiveris.omr.image.TemplateFactory -- NOTEHEAD_CROSS_VOID size:56 
Template{NOTEHEAD_CROSS_VOID w:25,h:20 keyPoints:null
 slim:java.awt.Rectangle[x=3,y=3,width=18,height=14]}
23:26:45.575 [Test worker] DEBUG org.audiveris.omr.image.TemplateFactory -- Building template for WHOLE_NOTE_CROSS Bravura 56
23:26:45.576 [Test worker] DEBUG org.audiveris.omr.image.TemplateFactory -- WHOLE_NOTE_CROSS size:56 
Template{WHOLE_NOTE_CROSS w:28,h:20 keyPoints:null
 slim:java.awt.Rectangle[x=3,y=3,width=21,height=14]}
23:26:45.576 [Test worker] DEBUG org.audiveris.omr.image.TemplateFactory -- Building template for BREVE_CROSS Bravura 56
23:26:45.577 [Test worker] DEBUG org.audiveris.omr.image.TemplateFactory -- BREVE_CROSS size:56 
Template{BREVE_CROSS w:37,h:24 keyPoints:null
 slim:java.awt.Rectangle[x=3,y=3,width=31,height=18]}
23:26:45.577 [Test worker] DEBUG org.audiveris.omr.image.TemplateFactory -- Building template for NOTEHEAD_DIAMOND_FILLED Bravura 56
23:26:45.577 [Test worker] DEBUG org.audiveris.omr.image.TemplateFactory -- NOTEHEAD_DIAMOND_FILLED size:56 
Template{NOTEHEAD_DIAMOND_FILLED w:20,h:20 keyPoints:null
 slim:java.awt.Rectangle[x=3,y=3,width=14,height=14]}
23:26:45.577 [Test worker] DEBUG org.audiveris.omr.image.TemplateFactory -- Building template for NOTEHEAD_DIAMOND_VOID Bravura 56
23:26:45.578 [Test worker] DEBUG org.audiveris.omr.image.TemplateFactory -- NOTEHEAD_DIAMOND_VOID size:56 
Template{NOTEHEAD_DIAMOND_VOID w:21,h:20 keyPoints:null
 slim:java.awt.Rectangle[x=3,y=3,width=14,height=14]}
23:26:45.578 [Test worker] DEBUG org.audiveris.omr.image.TemplateFactory -- Building template for WHOLE_NOTE_DIAMOND Bravura 56
23:26:45.578 [Test worker] DEBUG org.audiveris.omr.image.TemplateFactory -- WHOLE_NOTE_DIAMOND size:56 
Template{WHOLE_NOTE_DIAMOND w:22,h:20 keyPoints:null
 slim:java.awt.Rectangle[x=4,y=3,width=14,height=14]}
23:26:45.578 [Test worker] DEBUG org.audiveris.omr.image.TemplateFactory -- Building template for BREVE_DIAMOND Bravura 56
23:26:45.578 [Test worker] DEBUG org.audiveris.omr.image.TemplateFactory -- BREVE_DIAMOND size:56 
Template{BREVE_DIAMOND w:31,h:24 keyPoints:null
 slim:java.awt.Rectangle[x=3,y=3,width=24,height=18]}
23:26:45.579 [Test worker] DEBUG org.audiveris.omr.image.TemplateFactory -- Building template for NOTEHEAD_TRIANGLE_DOWN_FILLED Bravura 56
23:26:45.579 [Test worker] DEBUG org.audiveris.omr.image.TemplateFactory -- NOTEHEAD_TRIANGLE_DOWN_FILLED size:56 
Template{NOTEHEAD_TRIANGLE_DOWN_FILLED w:23,h:20 keyPoints:null
 slim:java.awt.Rectangle[x=4,y=3,width=14,height=13]}
23:26:45.579 [Test worker] DEBUG org.audiveris.omr.image.TemplateFactory -- Building template for NOTEHEAD_TRIANGLE_DOWN_VOID Bravura 56
23:26:45.579 [Test worker] DEBUG org.audiveris.omr.image.TemplateFactory -- NOTEHEAD_TRIANGLE_DOWN_VOID size:56 
Template{NOTEHEAD_TRIANGLE_DOWN_VOID w:22,h:20 keyPoints:null
 slim:java.awt.Rectangle[x=3,y=3,width=15,height=13]}
23:26:45.579 [Test worker] DEBUG org.audiveris.omr.image.TemplateFactory -- Building template for WHOLE_NOTE_TRIANGLE_DOWN Bravura 56
23:26:45.580 [Test worker] DEBUG org.audiveris.omr.image.TemplateFactory -- WHOLE_NOTE_TRIANGLE_DOWN size:56 
Template{WHOLE_NOTE_TRIANGLE_DOWN w:24,h:20 keyPoints:null
 slim:java.awt.Rectangle[x=4,y=3,width=16,height=13]}
23:26:45.580 [Test worker] DEBUG org.audiveris.omr.image.TemplateFactory -- Building template for BREVE_TRIANGLE_DOWN Bravura 56
23:26:45.580 [Test worker] DEBUG org.audiveris.omr.image.TemplateFactory -- BREVE_TRIANGLE_DOWN size:56 
Template{BREVE_TRIANGLE_DOWN w:34,h:24 keyPoints:null
 slim:java.awt.Rectangle[x=3,y=3,width=27,height=18]}
23:26:45.580 [Test worker] DEBUG org.audiveris.omr.image.TemplateFactory -- Building template for NOTEHEAD_CIRCLE_X Bravura 56
23:26:45.581 [Test worker] DEBUG org.audiveris.omr.image.TemplateFactory -- NOTEHEAD_CIRCLE_X size:56 
Template{NOTEHEAD_CIRCLE_X w:20,h:20 keyPoints:null
 slim:java.awt.Rectangle[x=3,y=3,width=14,height=14]}
23:26:45.581 [Test worker] DEBUG org.audiveris.omr.image.TemplateFactory -- Building template for NOTEHEAD_CIRCLE_X_VOID Bravura 56
23:26:45.581 [Test worker] DEBUG org.audiveris.omr.image.TemplateFactory -- NOTEHEAD_CIRCLE_X_VOID size:56 
Template{NOTEHEAD_CIRCLE_X_VOID w:20,h:20 keyPoints:null
 slim:java.awt.Rectangle[x=3,y=3,width=14,height=14]}
23:26:45.581 [Test worker] DEBUG org.audiveris.omr.image.TemplateFactory -- Building template for WHOLE_NOTE_CIRCLE_X Bravura 56
23:26:45.582 [Test worker] DEBUG org.audiveris.omr.image.TemplateFactory -- WHOLE_NOTE_CIRCLE_X size:56 
Template{WHOLE_NOTE_CIRCLE_X w:20,h:20 keyPoints:null
 slim:java.awt.Rectangle[x=3,y=3,width=14,height=14]}
23:26:45.582 [Test worker] DEBUG org.audiveris.omr.image.TemplateFactory -- Building template for BREVE_CIRCLE_X Bravura 56
23:26:45.582 [Test worker] DEBUG org.audiveris.omr.image.TemplateFactory -- BREVE_CIRCLE_X size:56 
Template{BREVE_CIRCLE_X w:30,h:24 keyPoints:null
 slim:java.awt.Rectangle[x=3,y=3,width=24,height=18]}
23:26:45.582 [Test worker] DEBUG org.audiveris.omr.image.TemplateFactory -- Building template keyPoints for NOTEHEAD_BLACK Bravura 56
     0                             1                             2      
     0  1  2  3  4  5  6  7  8  9  0  1  2  3  4  5  6  7  8  9  0  1  2
     -  -  -  -  -  -  -  -  -  -  -  -  -  -  -  -  -  -  -  -  -  -  -
 0:  .  .  .  .  .  .  .  .  .  .  .  .  .  .  .  .  .  .  .  .  .  .  .
 1:  .  .  .  .  .  .  .  .  .  .  .  6  6  6  6  6  .  .  .  .  .  .  .
 2:  .  .  .  .  .  .  .  .  6  6  4  3  3  3  3  3  4  6  .  .  .  .  .
 3:  .  .  .  .  .  .  .  4  3  3  3  0  0  0  0  0  3  3  4  .  .  .  .
 4:  .  .  .  .  .  .  4  3  0  0  0  0  0  0  0  0  0  0  3  4  .  .  .
 5:  .  .  .  .  .  4  3  0  0  0  0  0  0  0  0  0  0  0  0  3  6  .  .
 6:  .  .  .  .  4  3  0  0  0  0  0  0  0  0  0  0  0  0  0  3  6  .  .
 7:  .  .  .  4  3  0  0  0  0  0  0  0  0  0  0  0  0  0  0  3  6  .  .
 8:  .  .  6  3  0  0  0  0  0  0  0  0  0  0  0  0  0  0  0  3  6  .  .
 9:  .  .  4  3  0  0  0  0  0  0  0  0  0  0  0  0  0  0  0  3  6  .  .
10:  .  6  3  0  0  0  0  0  0  0  0  0  0  0  0  0  0  0  0  3  6  .  .
11:  .  6  3  0  0  0  0  0  0  0  0  0  0  0  0  0  0  0  3  4  .  .  .
12:  .  6  3  0  0  0  0  0  0  0  0  0  0  0  0  0  0  3  4  .  .  .  .
13:  .  6  3  0  0  0  0  0  0  0  0  0  0  0  0  0  3  4  .  .  .  .  .
14:  .  .  4  3  0  0  0  0  0  0  0  0  0  0  0  3  4  .  .  .  .  .  .
15:  .  .  6  3  0  0  0  0  0  0  0  0  0  0  3  4  .  .  .  .  .  .  .
16:  .  .  .  4  3  3  0  0  0  0  0  3  3  3  4  .  .  .  .  .  .  .  .
17:  .  .  .  .  6  4  3  3  3  3  3  4  6  6  .  .  .  .  .  .  .  .  .
18:  .  .  .  .  .  .  6  6  6  6  6  .  .  .  .  .  .  .  .  .  .  .  .
19:  .  .  .  .  .  .  .  .  .  .  .  .  .  .  .  .  .  .  .  .  .  .  .
CENTER => Point2D.Double[11.0, 10.0]
MIDDLE_LEFT => Point2D.Double[3.0, 10.0]
MIDDLE_RIGHT => Point2D.Double[19.0, 10.0]
LEFT_STEM => Point2D.Double[4.6, 10.0]
TOP_LEFT_STEM => Point2D.Double[4.6, 10.0]
BOTTOM_LEFT_STEM => Point2D.Double[4.6, 14.200000000000001]
RIGHT_STEM => Point2D.Double[17.4, 10.0]
TOP_RIGHT_STEM => Point2D.Double[17.4, 5.800000000000001]
BOTTOM_RIGHT_STEM => Point2D.Double[17.4, 10.0]
Image:
      0                                       1                                       2                                       3                    
      0   1   2   3   4   5   6   7   8   9   0   1   2   3   4   5   6   7   8   9   0   1   2   3   4   5   6   7   8   9   0   1   2   3   4   5
      -   -   -   -   -   -   -   -   -   -   -   -   -   -   -   -   -   -   -   -   -   -   -   -   -   -   -   -   -   -   -   -   -   -   -   -
 0: 255 255 255 255 255 255 255 255 255 255 255 255 255 255 255 255 255 255 255 255 255 255 255 255 255 255 255 255 255 255 255 255 255 255 255 255
 1: 255 255 255 255 255 255 255 255 255 255 255 255 255 255 255 255 255 255 255 255 255 255 255 255 255 255 255 255 255 255 255 255 255 255 255 255
 2: 255 255 255 255 255 255 255 255 255 255 255 255 255 255 255 255 255 255 255 255 255 255 255 255 255 255 255 255 255 255 255 255 255 255 255 255
 3: 255 255 255 255 255 255 255 255 255 255 255 255 255 255 255 255 255 255 255 255 255 255 255 255 255 255 255 255 255 255 255 255 255 255 255 255
 4: 255 255 255 255 255 255 255 255 255 255 255 255 255 255 255 255 255 255 255 255   0   0   0   0   0   0   0 255 255 255 255 255 255 255 255 255
 5: 255 255 255 255 255 255 255 255 255 255 255 255 255 255 255 255 255   0   0   0   0   0   0   0   0   0   0   0   0   0 255 255 255 255 255 255
 6: 255 255 255 255 255 255 255 255 255 255 255 255 255 255 255   0   0   0   0   0   0   0   0   0   0   0   0   0   0   0   0 255 255 255 255 255
 7: 255 255 255 255 255 255 255 255 255 255 255 255 255   0   0   0   0   0   0   0   0   0   0   0   0   0   0   0   0   0   0 255 255 255 255 255
 8: 255 255 255 255 255 255 255 255 255 255 255 255   0   0   0   0   0   0   0   0   0   0   0   0   0   0   0   0   0   0   0 255 255 255 255 255
 9: 255 255 255 255 255 255 255 255 255 255 255   0   0   0   0   0   0   0   0   0   0   0   0   0   0   0   0   0   0   0   0   0 255 255 255 255
10: 255 255 255 255 255 255 255 255 255 255 255   0   0   0   0   0   0   0   0   0   0   0   0   0   0   0   0   0   0   0   0   0 255 255 255 255
11: 255 255 255 255 255 255 255 255 255 255 255   0   0   0   0   0   0   0   0   0   0   0   0   0   0   0   0   0   0   0   0 255 255 255 255 255
12: 255 255 255 255 255 255 255 255 255 255 255   0   0   0   0   0   0   0   0   0   0   0   0   0   0   0   0   0   0   0   0 255 255 255 255 255
13: 255 255 255 255 255 255 255 255 255 255   0   0   0   0   0   0   0   0   0   0   0   0   0   0   0   0   0   0   0   0   0 255 255 255 255 255
14: 255 255 255 255 255 255 255 255 255 255 255   0   0   0   0   0   0   0   0   0   0   0   0   0   0   0   0   0   0   0 255 255 255 255 255 255
15: 255 255 255 255 255 255 255 255 255 255 255   0   0   0   0   0   0   0   0   0   0   0   0   0   0   0   0   0   0 255 255 255 255 255 255 255
16: 255 255 255 255 255 255 255 255 255 255 255 255   0   0   0   0   0   0   0   0   0   0   0   0   0   0   0   0 255 255 255 255 255 255 255 255
17: 255 255 255 255 255 255 255 255 255 255 255 255 255 255 255   0   0   0   0   0   0   0   0   0   0   0   0   0   0 255 255 255 255 255 255 255
18: 255 255 255 255 255 255 255 255 255 255 255 255 255 255 255   0   0   0   0   0   0   0   0   0   0   0   0   0   0   0 255 255 255 255 255 255
19: 255 255 255 255 255 255 255 255 255 255 255 255 255   0   0   0   0   0   0   0   0   0   0   0   0   0   0   0   0   0   0 255 255 255 255 255
20: 255 255 255 255 255 255 255 255 255 255 255 255   0   0   0   0   0   0   0   0   0   0   0   0   0   0   0   0   0   0   0 255 255 255 255 255
21: 255 255 255 255 255 255 255 255 255 255 255   0   0   0   0   0   0   0   0   0   0   0   0   0   0   0   0   0   0   0   0   0 255 255 255 255
22: 255 255 255 255 255 255 255 255 255 255 255   0   0   0   0   0   0   0   0   0   0   0   0   0   0   0   0   0   0   0   0   0 255 255 255 255
23: 255 255 255 255 255 255 255 255 255 255   0   0   0   0   0   0   0   0   0   0   0   0   0   0   0   0   0   0   0   0   0   0   0 255 255 255
24: 255 255 255 255 255 255 255 255 255 255   0   0   0   0   0   0   0   0   0   0   0   0   0   0   0   0   0   0   0   0   0   0   0 255 255 255
25: 255 255 255 255 255 255 255 255 255 255 255   0   0   0   0   0   0   0   0   0   0   0   0   0   0   0   0   0   0   0   0   0   0 255 255 255
26: 255 255 255 255 255 255 255 255 255 255 255 255   0   0   0   0   0   0   0   0   0   0   0   0   0   0   0   0   0   0   0   0   0 255 255 255
27: 255 255 255 255 255 255 255 255 255 255 255 255 255   0   0   0   0   0   0   0   0   0   0   0   0   0   0   0   0   0   0   0 255 255 255 255
28: 255 255 255 255 255 255 255 255 255 255 255 255 255 255   0   0   0   0   0   0   0   0   0   0   0   0   0   0   0   0   0 255 255 255 255 255
29: 255 255 255 255 255 255 255 255 255 255 255 255 255 255 255   0   0   0   0   0   0   0   0   0   0   0   0   0   0 255 255 255 255 255 255 255
30: 255 255 255 255 255 255 255 255 255 255 255 255 255 255 255 255 255   0   0   0   0   0   0   0   0   0 255 255 255 255 255 255 255 255 255 255
Distances:
      0                                       1                                       2                                       3                    
      0   1   2   3   4   5   6   7   8   9   0   1   2   3   4   5   6   7   8   9   0   1   2   3   4   5   6   7   8   9   0   1   2   3   4   5
      -   -   -   -   -   -   -   -   -   -   -   -   -   -   -   -   -   -   -   -   -   -   -   -   -   -   -   -   -   -   -   -   -   -   -   -
 0:  42  39  36  35  32  31  28  27  26  24  23  22  20  19  18  17  16  15  14  13  12  12  12  12  12  12  12  13  14  15  16  17  18  19  20  23
 1:  41  38  35  32  31  28  27  24  23  22  20  19  18  16  15  14  13  12  11  10   9   9   9   9   9   9   9  10  11  12  13  14  15  16  19  20
 2:  40  37  34  31  28  27  24  23  20  19  18  16  15  14  12  11  10   9   8   7   6   6   6   6   6   6   6   7   8   9  10  11  12  15  16  19
 3:  39  36  33  30  27  24  23  20  19  16  15  14  12  11  10   8   7   6   6   4   3   3   3   3   3   3   3   4   6   6   7   8  11  12  15  18
 4:  38  35  32  29  26  23  20  19  16  15  12  11  10   8   7   6   4   3   3   3   0   0   0   0   0   0   0   3   3   3   4   7   8  11  14  17
 5:  37  34  31  28  25  22  19  16  15  12  11   8   7   6   4   3   3   0   0   0   0   0   0   0   0   0   0   0   0   0   3   4   7  10  13  16
 6:  36  33  30  27  24  21  18  15  12  11   8   7   4   3   3   0   0   0   0   0   0   0   0   0   0   0   0   0   0   0   0   3   6   9  12  15
 7:  35  32  29  26  23  20  17  14  11   8   7   4   3   0   0   0   0   0   0   0   0   0   0   0   0   0   0   0   0   0   0   3   6   8  11  14
 8:  34  31  28  25  22  19  16  13  10   7   4   3   0   0   0   0   0   0   0   0   0   0   0   0   0   0   0   0   0   0   0   3   4   7  10  13
 9:  33  30  27  24  21  18  15  12   9   6   3   0   0   0   0   0   0   0   0   0   0   0   0   0   0   0   0   0   0   0   0   0   3   6   9  12
10:  33  30  27  24  21  18  15  12   9   6   3   0   0   0   0   0   0   0   0   0   0   0   0   0   0   0   0   0   0   0   0   0   3   6   9  12
11:  32  29  26  23  20  17  14  11   8   6   3   0   0   0   0   0   0   0   0   0   0   0   0   0   0   0   0   0   0   0   0   3   4   7  10  13
12:  31  28  25  22  19  16  13  10   7   4   3   0   0   0   0   0   0   0   0   0   0   0   0   0   0   0   0   0   0   0   0   3   6   8  11  14
13:  30  27  24  21  18  15  12   9   6   3   0   0   0   0   0   0   0   0   0   0   0   0   0   0   0   0   0   0   0   0   0   3   6   9  12  15
14:  31  28  25  22  19  16  13  10   7   4   3   0   0   0   0   0   0   0   0   0   0   0   0   0   0   0   0   0   0   0   3   4   7  10  13  16
15:  32  29  26  23  20  17  14  11   8   6   3   0   0   0   0   0   0   0   0   0   0   0   0   0   0   0   0   0   0   3   4   7   8  11  14  17
16:  33  30  27  24  21  18  15  12  10   7   4   3   0   0   0   0   0   0   0   0   0   0   0   0   0   0   0   0   3   4   7   8  11  12  15  18
17:  34  31  28  25  22  19  16  14  11   8   7   4   3   3   3   0   0   0   0   0   0   0   0   0   0   0   0   0   0   3   4   7   8  11  14  16
18:  35  32  29  26  23  20  18  15  12  11   8   7   4   3   3   0   0   0   0   0   0   0   0   0   0   0   0   0   0   0   3   4   7  10  12  15
19:  34  31  28  25  22  19  16  14  11   8   7   4   3   0   0   0   0   0   0   0   0   0   0   0   0   0   0   0   0   0   0   3   6   8  11  14
20:  33  30  27  24  21  18  15  12  10   7   4   3   0   0   0   0   0   0   0   0   0   0   0   0   0   0   0   0   0   0   0   3   4   7  10  12
21:  32  29  26  23  20  17  14  11   8   6   3   0   0   0   0   0   0   0   0   0   0   0   0   0   0   0   0   0   0   0   0   0   3   6   8  11
22:  31  28  25  22  19  16  13  10   7   4   3   0   0   0   0   0   0   0   0   0   0   0   0   0   0   0   0   0   0   0   0   0   3   4   7  10
23:  30  27  24  21  18  15  12   9   6   3   0   0   0   0   0   0   0   0   0   0   0   0   0   0   0   0   0   0   0   0   0   0   0   3   6   9
24:  30  27  24  21  18  15  12   9   6   3   0   0   0   0   0   0   0   0   0   0   0   0   0   0   0   0   0   0   0   0   0   0   0   3   6   9
25:  31  28  25  22  19  16  13  10   7   4   3   0   0   0   0   0   0   0   0   0   0   0   0   0   0   0   0   0   0   0   0   0   0   3   6   9
26:  32  29  26  23  20  17  14  11   8   7   4   3   0   0   0   0   0   0   0   0   0   0   0   0   0   0   0   0   0   0   0   0   0   3   6   9
27:  33  30  27  24  21  18  15  12  11   8   7   4   3   0   0   0   0   0   0   0   0   0   0   0   0   0   0   0   0   0   0   0   3   4   7  10
28:  34  31  28  25  22  19  16  15  12  11   8   7   4   3   0   0   0   0   0   0   0   0   0   0   0   0   0   0   0   0   0   3   4   7   8  11
29:  35  32  29  26  23  20  19  16  15  12  11   8   7   4   3   0   0   0   0   0   0   0   0   0   0   0   0   0   0   3   3   4   7   8  11  12
30:  36  33  30  27  24  23  20  19  16  15  12  11   8   7   4   3   3   0   0   0   0   0   0   0   0   0   3   3   3   4   6   7   8  11  12  15

Best matches:
(x:   9 y:   1 dist:0.055)
(x:  11 y:   1 dist:0.060)
(x:  12 y:   1 dist:0.060)
(x:   8 y:   1 dist:0.061)
(x:  12 y:   2 dist:0.061)
(x:  10 y:   1 dist:0.062)
(x:  12 y:   3 dist:0.065)
(x:  11 y:   2 dist:0.070)
(x:  11 y:   3 dist:0.074)
(x:  11 y:   4 dist:0.077)
(x:   9 y:   2 dist:0.078)
(x:  10 y:   2 dist:0.078)
(x:   8 y:   2 dist:0.079)
(x:  10 y:  10 dist:0.083)
(x:  12 y:   4 dist:0.083)
(x:  10 y:   9 dist:0.086)
(x:   9 y:  10 dist:0.087)
(x:  10 y:   3 dist:0.090)
(x:  11 y:   9 dist:0.091)
(x:  10 y:   4 dist:0.092)
(x:  10 y:   8 dist:0.092)
(x:  11 y:   5 dist:0.093)
(x:  11 y:  10 dist:0.093)
(x:  12 y:   5 dist:0.094)
(x:  10 y:   5 dist:0.095)
(x:  11 y:   6 dist:0.096)
(x:  11 y:   8 dist:0.096)
(x:   9 y:   3 dist:0.097)
(x:   7 y:   1 dist:0.098)
(x:   9 y:   9 dist:0.098)
(x:  10 y:   7 dist:0.098)
(x:  11 y:   0 dist:0.098)
(x:   9 y:   0 dist:0.099)
(x:  10 y:   0 dist:0.099)
(x:  10 y:   6 dist:0.099)
(x:  12 y:   0 dist:0.099)
(x:   9 y:   4 dist:0.102)
(x:  11 y:   7 dist:0.102)
(x:   7 y:   2 dist:0.103)
(x:   9 y:   8 dist:0.104)
(x:  12 y:   6 dist:0.105)
(x:   8 y:   0 dist:0.105)
(x:   9 y:   5 dist:0.105)
(x:   8 y:   3 dist:0.106)
(x:   8 y:  10 dist:0.106)
(x:   9 y:   7 dist:0.110)
(x:  12 y:   7 dist:0.110)
(x:   9 y:   6 dist:0.111)
(x:  12 y:  10 dist:0.114)
(x:  12 y:   8 dist:0.117)
(x:  12 y:   9 dist:0.118)
(x:   8 y:   4 dist:0.120)
(x:   8 y:   9 dist:0.120)
(x:   7 y:   3 dist:0.125)
(x:   8 y:   8 dist:0.125)
(x:   8 y:   5 dist:0.126)
(x:   8 y:   6 dist:0.131)
(x:   8 y:   7 dist:0.131)
(x:   7 y:  10 dist:0.134)
(x:   7 y:   0 dist:0.144)
(x:   7 y:   4 dist:0.149)
(x:   7 y:   9 dist:0.149)
(x:   6 y:   2 dist:0.152)
(x:   7 y:   5 dist:0.155)
(x:   7 y:   6 dist:0.155)
(x:   7 y:   7 dist:0.155)
(x:   7 y:   8 dist:0.156)
(x:   6 y:   3 dist:0.167)
(x:   6 y:   1 dist:0.173)
(x:   6 y:  10 dist:0.173)
(x:   6 y:   4 dist:0.182)
(x:   6 y:   9 dist:0.182)
(x:   6 y:   5 dist:0.189)
(x:   6 y:   8 dist:0.190)
(x:   6 y:   6 dist:0.196)
(x:   6 y:   7 dist:0.197)
(x:   6 y:   0 dist:0.206)
(x:   5 y:   3 dist:0.215)
(x:   5 y:   2 dist:0.225)
(x:   5 y:   9 dist:0.226)
(x:   5 y:   4 dist:0.230)
(x:   5 y:  10 dist:0.230)
(x:   5 y:   5 dist:0.235)
(x:   5 y:   6 dist:0.235)
(x:   5 y:   8 dist:0.235)
(x:   5 y:   7 dist:0.243)
(x:   5 y:   1 dist:0.247)
(x:   5 y:   0 dist:0.275)
(x:   4 y:   3 dist:0.282)
(x:   4 y:   4 dist:0.284)
(x:   4 y:   9 dist:0.284)
(x:   4 y:   8 dist:0.285)
(x:   4 y:   7 dist:0.286)
(x:   4 y:  10 dist:0.286)
(x:   4 y:   5 dist:0.290)
(x:   4 y:   6 dist:0.293)
(x:   4 y:   2 dist:0.299)
(x:   4 y:   1 dist:0.322)
(x:   3 y:   8 dist:0.341)
(x:   4 y:   0 dist:0.345)
(x:   3 y:   9 dist:0.345)
(x:   3 y:   7 dist:0.348)
(x:   3 y:  10 dist:0.349)
(x:   3 y:   4 dist:0.350)
(x:   3 y:   5 dist:0.350)
(x:   3 y:   6 dist:0.354)
(x:   3 y:   3 dist:0.355)
(x:   3 y:   2 dist:0.366)
(x:   3 y:   1 dist:0.384)
(x:   2 y:   9 dist:0.406)
(x:   2 y:   8 dist:0.408)
(x:   3 y:   0 dist:0.415)
(x:   2 y:   7 dist:0.415)
(x:   2 y:   4 dist:0.416)
(x:   2 y:   5 dist:0.416)
(x:   2 y:  10 dist:0.417)
(x:   2 y:   6 dist:0.421)
(x:   2 y:   3 dist:0.429)
(x:   2 y:   2 dist:0.434)
(x:   2 y:   1 dist:0.445)
(x:   1 y:   9 dist:0.475)
(x:   1 y:   8 dist:0.475)
(x:   1 y:   5 dist:0.483)
(x:   1 y:   7 dist:0.483)
(x:   2 y:   0 dist:0.485)
(x:   1 y:  10 dist:0.485)
(x:   1 y:   6 dist:0.487)
(x:   1 y:   4 dist:0.489)
(x:   1 y:   3 dist:0.496)
(x:   1 y:   2 dist:0.502)
(x:   1 y:   1 dist:0.508)
(x:   0 y:   9 dist:0.543)
(x:   0 y:   8 dist:0.544)
(x:   0 y:  10 dist:0.547)
(x:   1 y:   0 dist:0.548)
(x:   0 y:   7 dist:0.549)
(x:   0 y:   6 dist:0.554)
(x:   0 y:   5 dist:0.555)
(x:   0 y:   4 dist:0.556)
(x:   0 y:   3 dist:0.557)
(x:   0 y:   2 dist:0.558)
(x:   0 y:   1 dist:0.573)
(x:   0 y:   0 dist:0.606)
]]></system-out>
  <system-err><![CDATA[]]></system-err>
</testsuite>
