<?xml version="1.0" encoding="UTF-8"?>
<testsuite name="org.audiveris.omr.math.HistogramTest" tests="14" skipped="0" failures="0" errors="0" timestamp="2025-06-03T06:26:46" hostname="Robs-Fun-Shack.attlocal.net" time="0.002">
  <properties/>
  <testcase name="testBucketSet" classname="org.audiveris.omr.math.HistogramTest" time="0.001"/>
  <testcase name="testGetCount" classname="org.audiveris.omr.math.HistogramTest" time="0.0"/>
  <testcase name="testEntrySet" classname="org.audiveris.omr.math.HistogramTest" time="0.0"/>
  <testcase name="testClear" classname="org.audiveris.omr.math.HistogramTest" time="0.0"/>
  <testcase name="testPrint" classname="org.audiveris.omr.math.HistogramTest" time="0.0"/>
  <testcase name="testSize" classname="org.audiveris.omr.math.HistogramTest" time="0.0"/>
  <testcase name="testGetMaxBucket" classname="org.audiveris.omr.math.HistogramTest" time="0.0"/>
  <testcase name="testDataString" classname="org.audiveris.omr.math.HistogramTest" time="0.0"/>
  <testcase name="testLastBucket" classname="org.audiveris.omr.math.HistogramTest" time="0.0"/>
  <testcase name="testGetTotalCount" classname="org.audiveris.omr.math.HistogramTest" time="0.0"/>
  <testcase name="testIncreaseCount" classname="org.audiveris.omr.math.HistogramTest" time="0.0"/>
  <testcase name="testValues" classname="org.audiveris.omr.math.HistogramTest" time="0.001"/>
  <testcase name="testGetMaxCount" classname="org.audiveris.omr.math.HistogramTest" time="0.0"/>
  <testcase name="testFirstBucket" classname="org.audiveris.omr.math.HistogramTest" time="0.0"/>
  <system-out><![CDATA[bucketSet
getCount
entrySet
clear
print
[3=2 4=10 5=12 8=3 10=6 11=0]
size
getMaxBucket
lastBucket
getTotalCount
increaseCount
values
getMaxCount
firstBucket
]]></system-out>
  <system-err><![CDATA[]]></system-err>
</testsuite>
