<?xml version="1.0" encoding="UTF-8"?>
<testsuite name="org.audiveris.omr.jaxb.itf.TestEntity" tests="2" skipped="0" failures="0" errors="0" timestamp="2025-06-03T06:26:46" hostname="Robs-Fun-Shack.attlocal.net" time="0.005">
  <properties/>
  <testcase name="testInSequence" classname="org.audiveris.omr.jaxb.itf.TestEntity" time="0.004"/>
  <testcase name="testDummy" classname="org.audiveris.omr.jaxb.itf.TestEntity" time="0.001"/>
  <system-out><![CDATA[
---
testInSequence:

org.audiveris.omr.jaxb.itf.MyBasicIndex :
   name=my-index-name
   lastId=5
   allEntities=[1=MyGlyph{First id:1},2=MySymbol{w:100 id:2},3=MyGlyph{Second id:3},4=MyGlyph{Third id:4},5=MySymbol{w:200 id:5}]
index: MyBasicIndex{my-index-name MyGlyph{First id:1} MySymbol{w:100 id:2} MyGlyph{Second id:3} MyGlyph{Third id:4} MySymbol{w:200 id:5}}
Marshalling ...
Marshalled   to   data/temp/test-itf/itf-index.xml
=========================================================
<?xml version="1.0" ?>
<myBasicIndex name="my-index-name" last-id="5">
  <entities>
    <glyph name="First" id="1"/>
    <symbol weight="100" id="2"/>
    <glyph name="Second" id="3"/>
    <glyph name="Third" id="4"/>
    <symbol weight="200" id="5"/>
  </entities>
</myBasicIndex>=========================================================
Unmarshalling ...
Unmarshalled from data/temp/test-itf/itf-index.xml

org.audiveris.omr.jaxb.itf.MyBasicIndex :
   name=my-index-name
   lastId=5
   allEntities=[1=MyGlyph{First id:1},2=MySymbol{w:100 id:2},3=MyGlyph{Second id:3},4=MyGlyph{Third id:4},5=MySymbol{w:200 id:5}]
index: MyBasicIndex{my-index-name MyGlyph{First id:1} MySymbol{w:100 id:2} MyGlyph{Second id:3} MyGlyph{Third id:4} MySymbol{w:200 id:5}}
+++ End testInSequence(org.audiveris.omr.jaxb.itf.TestEntity)

---
testDummy:
+++ End testDummy(org.audiveris.omr.jaxb.itf.TestEntity)
]]></system-out>
  <system-err><![CDATA[]]></system-err>
</testsuite>
