<?xml version="1.0" encoding="UTF-8"?>
<testsuite name="org.audiveris.omr.jaxb.itf.TestCompound" tests="2" skipped="0" failures="0" errors="0" timestamp="2025-06-03T06:26:46" hostname="Robs-Fun-Shack.attlocal.net" time="0.012">
  <properties/>
  <testcase name="testInSequence" classname="org.audiveris.omr.jaxb.itf.TestCompound" time="0.01"/>
  <testcase name="testDummy" classname="org.audiveris.omr.jaxb.itf.TestCompound" time="0.002"/>
  <system-out><![CDATA[
---
testInSequence:

org.audiveris.omr.jaxb.itf.MyCompound :
   topGlyph=MyGlyph{First id:1}
   bottomGlyph=MyGlyph{Second id:3}
   leftSymbol=MySymbol{w:100 id:2}
   rightSymbol=MySymbol{w:200 id:5}
   index=MyBasicIndex{my-index-name MyGlyph{First id:1} MySymbol{w:100 id:2} MyGlyph{Second id:3} MyGlyph{Third id:4} MySymbol{w:200 id:5}}

org.audiveris.omr.jaxb.itf.MyBasicIndex :
   name=my-index-name
   lastId=5
   allEntities=[1=MyGlyph{First id:1},2=MySymbol{w:100 id:2},3=MyGlyph{Second id:3},4=MyGlyph{Third id:4},5=MySymbol{w:200 id:5}]
compound.index: MyBasicIndex{my-index-name MyGlyph{First id:1} MySymbol{w:100 id:2} MyGlyph{Second id:3} MyGlyph{Third id:4} MySymbol{w:200 id:5}}
Marshalling ...
Marshalled   to   data/temp/test-itf/itf-compound.xml
=========================================================
<?xml version="1.0" ?>
<myCompound>
  <topGlyph>1</topGlyph>
  <bottomGlyph>3</bottomGlyph>
  <leftSymbol>2</leftSymbol>
  <rightSymbol>5</rightSymbol>
  <index name="my-index-name" last-id="5">
    <entities>
      <glyph name="First" id="1"/>
      <symbol weight="100" id="2"/>
      <glyph name="Second" id="3"/>
      <glyph name="Third" id="4"/>
      <symbol weight="200" id="5"/>
    </entities>
  </index>
</myCompound>=========================================================
Unmarshalling ...
Unmarshalled from data/temp/test-itf/itf-compound.xml

org.audiveris.omr.jaxb.itf.MyCompound :
   topGlyph=MyGlyph{First id:1}
   bottomGlyph=MyGlyph{Second id:3}
   leftSymbol=MySymbol{w:100 id:2}
   rightSymbol=MySymbol{w:200 id:5}
   index=MyBasicIndex{my-index-name MyGlyph{First id:1} MySymbol{w:100 id:2} MyGlyph{Second id:3} MyGlyph{Third id:4} MySymbol{w:200 id:5}}
compound.index: MyBasicIndex{my-index-name MyGlyph{First id:1} MySymbol{w:100 id:2} MyGlyph{Second id:3} MyGlyph{Third id:4} MySymbol{w:200 id:5}}
+++ End testInSequence(org.audiveris.omr.jaxb.itf.TestCompound)

---
testDummy:
+++ End testDummy(org.audiveris.omr.jaxb.itf.TestCompound)
]]></system-out>
  <system-err><![CDATA[]]></system-err>
</testsuite>
